{"C:\\Github Repositories\\Web-Host-Manager\\backend\\middleware\\auth.js": {"path":"C:\\Github Repositories\\Web-Host-Manager\\backend\\middleware\\auth.js","statementMap":{"0":{"start":{"line":1,"column":12},"end":{"line":1,"column":35}},"1":{"start":{"line":2,"column":17},"end":{"line":2,"column":37}},"2":{"start":{"line":3,"column":21},"end":{"line":3,"column":46}},"3":{"start":{"line":5,"column":16},"end":{"line":34,"column":1}},"4":{"start":{"line":6,"column":2},"end":{"line":33,"column":3}},"5":{"start":{"line":8,"column":23},"end":{"line":8,"column":48}},"6":{"start":{"line":11,"column":4},"end":{"line":13,"column":5}},"7":{"start":{"line":12,"column":6},"end":{"line":12,"column":39}},"8":{"start":{"line":15,"column":4},"end":{"line":17,"column":5}},"9":{"start":{"line":16,"column":6},"end":{"line":16,"column":85}},"10":{"start":{"line":20,"column":20},"end":{"line":20,"column":61}},"11":{"start":{"line":23,"column":17},"end":{"line":23,"column":48}},"12":{"start":{"line":24,"column":4},"end":{"line":26,"column":5}},"13":{"start":{"line":25,"column":6},"end":{"line":25,"column":84}},"14":{"start":{"line":29,"column":4},"end":{"line":29,"column":20}},"15":{"start":{"line":30,"column":4},"end":{"line":30,"column":11}},"16":{"start":{"line":32,"column":4},"end":{"line":32,"column":16}},"17":{"start":{"line":36,"column":19},"end":{"line":43,"column":1}},"18":{"start":{"line":37,"column":2},"end":{"line":42,"column":4}},"19":{"start":{"line":38,"column":4},"end":{"line":40,"column":5}},"20":{"start":{"line":39,"column":6},"end":{"line":39,"column":90}},"21":{"start":{"line":41,"column":4},"end":{"line":41,"column":11}},"22":{"start":{"line":45,"column":0},"end":{"line":48,"column":2}}},"fnMap":{"0":{"name":"(anonymous_0)","decl":{"start":{"line":5,"column":16},"end":{"line":5,"column":17}},"loc":{"start":{"line":5,"column":42},"end":{"line":34,"column":1}},"line":5},"1":{"name":"(anonymous_1)","decl":{"start":{"line":36,"column":19},"end":{"line":36,"column":20}},"loc":{"start":{"line":36,"column":33},"end":{"line":43,"column":1}},"line":36},"2":{"name":"(anonymous_2)","decl":{"start":{"line":37,"column":9},"end":{"line":37,"column":10}},"loc":{"start":{"line":37,"column":29},"end":{"line":42,"column":3}},"line":37}},"branchMap":{"0":{"loc":{"start":{"line":11,"column":4},"end":{"line":13,"column":5}},"type":"if","locations":[{"start":{"line":11,"column":4},"end":{"line":13,"column":5}},{"start":{},"end":{}}],"line":11},"1":{"loc":{"start":{"line":11,"column":8},"end":{"line":11,"column":53}},"type":"binary-expr","locations":[{"start":{"line":11,"column":8},"end":{"line":11,"column":18}},{"start":{"line":11,"column":22},"end":{"line":11,"column":53}}],"line":11},"2":{"loc":{"start":{"line":15,"column":4},"end":{"line":17,"column":5}},"type":"if","locations":[{"start":{"line":15,"column":4},"end":{"line":17,"column":5}},{"start":{},"end":{}}],"line":15},"3":{"loc":{"start":{"line":24,"column":4},"end":{"line":26,"column":5}},"type":"if","locations":[{"start":{"line":24,"column":4},"end":{"line":26,"column":5}},{"start":{},"end":{}}],"line":24},"4":{"loc":{"start":{"line":38,"column":4},"end":{"line":40,"column":5}},"type":"if","locations":[{"start":{"line":38,"column":4},"end":{"line":40,"column":5}},{"start":{},"end":{}}],"line":38}},"s":{"0":0,"1":0,"2":0,"3":0,"4":0,"5":0,"6":0,"7":0,"8":0,"9":0,"10":0,"11":0,"12":0,"13":0,"14":0,"15":0,"16":0,"17":0,"18":0,"19":0,"20":0,"21":0,"22":0},"f":{"0":0,"1":0,"2":0},"b":{"0":[0,0],"1":[0,0],"2":[0,0],"3":[0,0],"4":[0,0]}}
,"C:\\Github Repositories\\Web-Host-Manager\\backend\\middleware\\authMiddleware.js": {"path":"C:\\Github Repositories\\Web-Host-Manager\\backend\\middleware\\authMiddleware.js","statementMap":{"0":{"start":{"line":1,"column":12},"end":{"line":1,"column":35}},"1":{"start":{"line":3,"column":23},"end":{"line":16,"column":1}},"2":{"start":{"line":4,"column":16},"end":{"line":4,"column":56}},"3":{"start":{"line":5,"column":2},"end":{"line":7,"column":3}},"4":{"start":{"line":6,"column":4},"end":{"line":6,"column":59}},"5":{"start":{"line":9,"column":2},"end":{"line":15,"column":3}},"6":{"start":{"line":10,"column":20},"end":{"line":10,"column":61}},"7":{"start":{"line":11,"column":4},"end":{"line":11,"column":23}},"8":{"start":{"line":12,"column":4},"end":{"line":12,"column":11}},"9":{"start":{"line":14,"column":4},"end":{"line":14,"column":53}},"10":{"start":{"line":18,"column":0},"end":{"line":18,"column":32}}},"fnMap":{"0":{"name":"(anonymous_0)","decl":{"start":{"line":3,"column":23},"end":{"line":3,"column":24}},"loc":{"start":{"line":3,"column":43},"end":{"line":16,"column":1}},"line":3}},"branchMap":{"0":{"loc":{"start":{"line":5,"column":2},"end":{"line":7,"column":3}},"type":"if","locations":[{"start":{"line":5,"column":2},"end":{"line":7,"column":3}},{"start":{},"end":{}}],"line":5}},"s":{"0":0,"1":0,"2":0,"3":0,"4":0,"5":0,"6":0,"7":0,"8":0,"9":0,"10":0},"f":{"0":0},"b":{"0":[0,0]}}
,"C:\\Github Repositories\\Web-Host-Manager\\backend\\middleware\\errorHandler.js": {"path":"C:\\Github Repositories\\Web-Host-Manager\\backend\\middleware\\errorHandler.js","statementMap":{"0":{"start":{"line":1,"column":16},"end":{"line":1,"column":34}},"1":{"start":{"line":4,"column":15},"end":{"line":14,"column":2}},"2":{"start":{"line":17,"column":0},"end":{"line":24,"column":1}},"3":{"start":{"line":18,"column":2},"end":{"line":23,"column":6}},"4":{"start":{"line":28,"column":4},"end":{"line":28,"column":19}},"5":{"start":{"line":29,"column":4},"end":{"line":29,"column":33}},"6":{"start":{"line":30,"column":4},"end":{"line":30,"column":69}},"7":{"start":{"line":31,"column":4},"end":{"line":31,"column":30}},"8":{"start":{"line":32,"column":4},"end":{"line":32,"column":25}},"9":{"start":{"line":34,"column":4},"end":{"line":34,"column":52}},"10":{"start":{"line":38,"column":21},"end":{"line":99,"column":1}},"11":{"start":{"line":39,"column":2},"end":{"line":39,"column":41}},"12":{"start":{"line":40,"column":2},"end":{"line":40,"column":37}},"13":{"start":{"line":43,"column":2},"end":{"line":54,"column":3}},"14":{"start":{"line":44,"column":4},"end":{"line":53,"column":7}},"15":{"start":{"line":57,"column":2},"end":{"line":63,"column":3}},"16":{"start":{"line":58,"column":4},"end":{"line":62,"column":7}},"17":{"start":{"line":66,"column":2},"end":{"line":75,"column":3}},"18":{"start":{"line":67,"column":4},"end":{"line":74,"column":7}},"19":{"start":{"line":70,"column":35},"end":{"line":73,"column":7}},"20":{"start":{"line":78,"column":2},"end":{"line":83,"column":3}},"21":{"start":{"line":79,"column":4},"end":{"line":82,"column":7}},"22":{"start":{"line":85,"column":2},"end":{"line":90,"column":3}},"23":{"start":{"line":86,"column":4},"end":{"line":89,"column":7}},"24":{"start":{"line":93,"column":2},"end":{"line":98,"column":5}},"25":{"start":{"line":101,"column":0},"end":{"line":105,"column":2}}},"fnMap":{"0":{"name":"(anonymous_0)","decl":{"start":{"line":27,"column":2},"end":{"line":27,"column":3}},"loc":{"start":{"line":27,"column":50},"end":{"line":35,"column":3}},"line":27},"1":{"name":"(anonymous_1)","decl":{"start":{"line":38,"column":21},"end":{"line":38,"column":22}},"loc":{"start":{"line":38,"column":46},"end":{"line":99,"column":1}},"line":38},"2":{"name":"(anonymous_2)","decl":{"start":{"line":70,"column":29},"end":{"line":70,"column":30}},"loc":{"start":{"line":70,"column":35},"end":{"line":73,"column":7}},"line":70}},"branchMap":{"0":{"loc":{"start":{"line":5,"column":9},"end":{"line":5,"column":40}},"type":"binary-expr","locations":[{"start":{"line":5,"column":9},"end":{"line":5,"column":30}},{"start":{"line":5,"column":34},"end":{"line":5,"column":40}}],"line":5},"1":{"loc":{"start":{"line":10,"column":14},"end":{"line":13,"column":3}},"type":"cond-expr","locations":[{"start":{"line":10,"column":48},"end":{"line":10,"column":50}},{"start":{"line":10,"column":53},"end":{"line":13,"column":3}}],"line":10},"2":{"loc":{"start":{"line":17,"column":0},"end":{"line":24,"column":1}},"type":"if","locations":[{"start":{"line":17,"column":0},"end":{"line":24,"column":1}},{"start":{},"end":{}}],"line":17},"3":{"loc":{"start":{"line":27,"column":35},"end":{"line":27,"column":48}},"type":"default-arg","locations":[{"start":{"line":27,"column":44},"end":{"line":27,"column":48}}],"line":27},"4":{"loc":{"start":{"line":30,"column":18},"end":{"line":30,"column":68}},"type":"cond-expr","locations":[{"start":{"line":30,"column":52},"end":{"line":30,"column":58}},{"start":{"line":30,"column":61},"end":{"line":30,"column":68}}],"line":30},"5":{"loc":{"start":{"line":39,"column":19},"end":{"line":39,"column":40}},"type":"binary-expr","locations":[{"start":{"line":39,"column":19},"end":{"line":39,"column":33}},{"start":{"line":39,"column":37},"end":{"line":39,"column":40}}],"line":39},"6":{"loc":{"start":{"line":40,"column":15},"end":{"line":40,"column":36}},"type":"binary-expr","locations":[{"start":{"line":40,"column":15},"end":{"line":40,"column":25}},{"start":{"line":40,"column":29},"end":{"line":40,"column":36}}],"line":40},"7":{"loc":{"start":{"line":43,"column":2},"end":{"line":54,"column":3}},"type":"if","locations":[{"start":{"line":43,"column":2},"end":{"line":54,"column":3}},{"start":{},"end":{}}],"line":43},"8":{"loc":{"start":{"line":52,"column":12},"end":{"line":52,"column":41}},"type":"cond-expr","locations":[{"start":{"line":52,"column":23},"end":{"line":52,"column":34}},{"start":{"line":52,"column":37},"end":{"line":52,"column":41}}],"line":52},"9":{"loc":{"start":{"line":57,"column":2},"end":{"line":63,"column":3}},"type":"if","locations":[{"start":{"line":57,"column":2},"end":{"line":63,"column":3}},{"start":{},"end":{}}],"line":57},"10":{"loc":{"start":{"line":66,"column":2},"end":{"line":75,"column":3}},"type":"if","locations":[{"start":{"line":66,"column":2},"end":{"line":75,"column":3}},{"start":{},"end":{}}],"line":66},"11":{"loc":{"start":{"line":66,"column":6},"end":{"line":66,"column":94}},"type":"binary-expr","locations":[{"start":{"line":66,"column":6},"end":{"line":66,"column":45}},{"start":{"line":66,"column":49},"end":{"line":66,"column":94}}],"line":66},"12":{"loc":{"start":{"line":78,"column":2},"end":{"line":83,"column":3}},"type":"if","locations":[{"start":{"line":78,"column":2},"end":{"line":83,"column":3}},{"start":{},"end":{}}],"line":78},"13":{"loc":{"start":{"line":85,"column":2},"end":{"line":90,"column":3}},"type":"if","locations":[{"start":{"line":85,"column":2},"end":{"line":90,"column":3}},{"start":{},"end":{}}],"line":85},"14":{"loc":{"start":{"line":96,"column":8},"end":{"line":96,"column":70}},"type":"binary-expr","locations":[{"start":{"line":96,"column":8},"end":{"line":96,"column":46}},{"start":{"line":96,"column":50},"end":{"line":96,"column":70}}],"line":96},"15":{"loc":{"start":{"line":97,"column":8},"end":{"line":97,"column":44}},"type":"binary-expr","locations":[{"start":{"line":97,"column":8},"end":{"line":97,"column":18}},{"start":{"line":97,"column":22},"end":{"line":97,"column":44}}],"line":97}},"s":{"0":0,"1":0,"2":0,"3":0,"4":0,"5":0,"6":0,"7":0,"8":0,"9":0,"10":0,"11":0,"12":0,"13":0,"14":0,"15":0,"16":0,"17":0,"18":0,"19":0,"20":0,"21":0,"22":0,"23":0,"24":0,"25":0},"f":{"0":0,"1":0,"2":0},"b":{"0":[0,0],"1":[0,0],"2":[0,0],"3":[0],"4":[0,0],"5":[0,0],"6":[0,0],"7":[0,0],"8":[0,0],"9":[0,0],"10":[0,0],"11":[0,0],"12":[0,0],"13":[0,0],"14":[0,0],"15":[0,0]}}
,"C:\\Github Repositories\\Web-Host-Manager\\backend\\middleware\\securityMiddleware.js": {"path":"C:\\Github Repositories\\Web-Host-Manager\\backend\\middleware\\securityMiddleware.js","statementMap":{"0":{"start":{"line":1,"column":15},"end":{"line":1,"column":32}},"1":{"start":{"line":2,"column":18},"end":{"line":2,"column":47}},"2":{"start":{"line":3,"column":13},"end":{"line":3,"column":28}},"3":{"start":{"line":6,"column":16},"end":{"line":12,"column":2}},"4":{"start":{"line":15,"column":20},"end":{"line":22,"column":1}},"5":{"start":{"line":25,"column":27},"end":{"line":63,"column":1}},"6":{"start":{"line":65,"column":0},"end":{"line":65,"column":36}}},"fnMap":{},"branchMap":{"0":{"loc":{"start":{"line":16,"column":12},"end":{"line":16,"column":63}},"type":"binary-expr","locations":[{"start":{"line":16,"column":12},"end":{"line":16,"column":36}},{"start":{"line":16,"column":40},"end":{"line":16,"column":63}}],"line":16}},"s":{"0":0,"1":0,"2":0,"3":0,"4":0,"5":0,"6":0},"f":{},"b":{"0":[0,0]}}
,"C:\\Github Repositories\\Web-Host-Manager\\backend\\middleware\\validation\\schemas.js": {"path":"C:\\Github Repositories\\Web-Host-Manager\\backend\\middleware\\validation\\schemas.js","statementMap":{"0":{"start":{"line":1,"column":12},"end":{"line":1,"column":26}},"1":{"start":{"line":4,"column":20},"end":{"line":16,"column":1}},"2":{"start":{"line":19,"column":22},"end":{"line":39,"column":1}},"3":{"start":{"line":42,"column":22},"end":{"line":69,"column":1}},"4":{"start":{"line":72,"column":21},"end":{"line":95,"column":1}},"5":{"start":{"line":97,"column":0},"end":{"line":102,"column":2}}},"fnMap":{},"branchMap":{},"s":{"0":0,"1":0,"2":0,"3":0,"4":0,"5":0},"f":{},"b":{}}
,"C:\\Github Repositories\\Web-Host-Manager\\backend\\middleware\\validation\\validator.js": {"path":"C:\\Github Repositories\\Web-Host-Manager\\backend\\middleware\\validation\\validator.js","statementMap":{"0":{"start":{"line":1,"column":21},"end":{"line":1,"column":47}},"1":{"start":{"line":3,"column":24},"end":{"line":31,"column":1}},"2":{"start":{"line":4,"column":2},"end":{"line":30,"column":4}},"3":{"start":{"line":5,"column":4},"end":{"line":29,"column":5}},"4":{"start":{"line":7,"column":24},"end":{"line":10,"column":8}},"5":{"start":{"line":13,"column":6},"end":{"line":13,"column":27}},"6":{"start":{"line":14,"column":6},"end":{"line":14,"column":13}},"7":{"start":{"line":16,"column":6},"end":{"line":25,"column":7}},"8":{"start":{"line":18,"column":23},"end":{"line":21,"column":11}},"9":{"start":{"line":18,"column":52},"end":{"line":21,"column":9}},"10":{"start":{"line":24,"column":8},"end":{"line":24,"column":68}},"11":{"start":{"line":28,"column":6},"end":{"line":28,"column":18}},"12":{"start":{"line":33,"column":0},"end":{"line":33,"column":33}}},"fnMap":{"0":{"name":"(anonymous_0)","decl":{"start":{"line":3,"column":24},"end":{"line":3,"column":25}},"loc":{"start":{"line":3,"column":36},"end":{"line":31,"column":1}},"line":3},"1":{"name":"(anonymous_1)","decl":{"start":{"line":4,"column":9},"end":{"line":4,"column":10}},"loc":{"start":{"line":4,"column":35},"end":{"line":30,"column":3}},"line":4},"2":{"name":"(anonymous_2)","decl":{"start":{"line":18,"column":41},"end":{"line":18,"column":42}},"loc":{"start":{"line":18,"column":52},"end":{"line":21,"column":9}},"line":18}},"branchMap":{"0":{"loc":{"start":{"line":16,"column":6},"end":{"line":25,"column":7}},"type":"if","locations":[{"start":{"line":16,"column":6},"end":{"line":25,"column":7}},{"start":{},"end":{}}],"line":16}},"s":{"0":0,"1":0,"2":0,"3":0,"4":0,"5":0,"6":0,"7":0,"8":0,"9":0,"10":0,"11":0,"12":0},"f":{"0":0,"1":0,"2":0},"b":{"0":[0,0]}}
,"C:\\Github Repositories\\Web-Host-Manager\\backend\\models\\Client.js": {"path":"C:\\Github Repositories\\Web-Host-Manager\\backend\\models\\Client.js","statementMap":{"0":{"start":{"line":1,"column":22},"end":{"line":1,"column":42}},"1":{"start":{"line":3,"column":0},"end":{"line":93,"column":2}},"2":{"start":{"line":4,"column":17},"end":{"line":61,"column":4}},"3":{"start":{"line":63,"column":2},"end":{"line":90,"column":4}},"4":{"start":{"line":65,"column":4},"end":{"line":71,"column":7}},"5":{"start":{"line":74,"column":4},"end":{"line":80,"column":7}},"6":{"start":{"line":83,"column":4},"end":{"line":89,"column":7}},"7":{"start":{"line":92,"column":2},"end":{"line":92,"column":16}}},"fnMap":{"0":{"name":"(anonymous_0)","decl":{"start":{"line":3,"column":17},"end":{"line":3,"column":18}},"loc":{"start":{"line":3,"column":32},"end":{"line":93,"column":1}},"line":3},"1":{"name":"(anonymous_1)","decl":{"start":{"line":63,"column":21},"end":{"line":63,"column":22}},"loc":{"start":{"line":63,"column":33},"end":{"line":90,"column":3}},"line":63}},"branchMap":{},"s":{"0":0,"1":0,"2":0,"3":0,"4":0,"5":0,"6":0,"7":0},"f":{"0":0,"1":0},"b":{}}
,"C:\\Github Repositories\\Web-Host-Manager\\backend\\models\\Domain.js": {"path":"C:\\Github Repositories\\Web-Host-Manager\\backend\\models\\Domain.js","statementMap":{"0":{"start":{"line":1,"column":22},"end":{"line":1,"column":42}},"1":{"start":{"line":3,"column":0},"end":{"line":71,"column":2}},"2":{"start":{"line":4,"column":17},"end":{"line":57,"column":4}},"3":{"start":{"line":59,"column":2},"end":{"line":68,"column":4}},"4":{"start":{"line":61,"column":4},"end":{"line":67,"column":7}},"5":{"start":{"line":70,"column":2},"end":{"line":70,"column":16}}},"fnMap":{"0":{"name":"(anonymous_0)","decl":{"start":{"line":3,"column":17},"end":{"line":3,"column":18}},"loc":{"start":{"line":3,"column":32},"end":{"line":71,"column":1}},"line":3},"1":{"name":"(anonymous_1)","decl":{"start":{"line":59,"column":21},"end":{"line":59,"column":22}},"loc":{"start":{"line":59,"column":33},"end":{"line":68,"column":3}},"line":59}},"branchMap":{},"s":{"0":0,"1":0,"2":0,"3":0,"4":0,"5":0},"f":{"0":0,"1":0},"b":{}}
,"C:\\Github Repositories\\Web-Host-Manager\\backend\\models\\EmailAccount.js": {"path":"C:\\Github Repositories\\Web-Host-Manager\\backend\\models\\EmailAccount.js","statementMap":{"0":{"start":{"line":1,"column":22},"end":{"line":1,"column":42}},"1":{"start":{"line":2,"column":15},"end":{"line":2,"column":34}},"2":{"start":{"line":4,"column":0},"end":{"line":88,"column":2}},"3":{"start":{"line":5,"column":23},"end":{"line":69,"column":4}},"4":{"start":{"line":59,"column":8},"end":{"line":61,"column":9}},"5":{"start":{"line":60,"column":10},"end":{"line":60,"column":79}},"6":{"start":{"line":64,"column":8},"end":{"line":66,"column":9}},"7":{"start":{"line":65,"column":10},"end":{"line":65,"column":79}},"8":{"start":{"line":71,"column":2},"end":{"line":80,"column":4}},"9":{"start":{"line":73,"column":4},"end":{"line":79,"column":7}},"10":{"start":{"line":83,"column":2},"end":{"line":85,"column":4}},"11":{"start":{"line":84,"column":4},"end":{"line":84,"column":51}},"12":{"start":{"line":87,"column":2},"end":{"line":87,"column":22}}},"fnMap":{"0":{"name":"(anonymous_0)","decl":{"start":{"line":4,"column":17},"end":{"line":4,"column":18}},"loc":{"start":{"line":4,"column":32},"end":{"line":88,"column":1}},"line":4},"1":{"name":"(anonymous_1)","decl":{"start":{"line":58,"column":20},"end":{"line":58,"column":21}},"loc":{"start":{"line":58,"column":44},"end":{"line":62,"column":7}},"line":58},"2":{"name":"(anonymous_2)","decl":{"start":{"line":63,"column":20},"end":{"line":63,"column":21}},"loc":{"start":{"line":63,"column":44},"end":{"line":67,"column":7}},"line":63},"3":{"name":"(anonymous_3)","decl":{"start":{"line":71,"column":27},"end":{"line":71,"column":28}},"loc":{"start":{"line":71,"column":39},"end":{"line":80,"column":3}},"line":71},"4":{"name":"(anonymous_4)","decl":{"start":{"line":83,"column":44},"end":{"line":83,"column":45}},"loc":{"start":{"line":83,"column":69},"end":{"line":85,"column":3}},"line":83}},"branchMap":{"0":{"loc":{"start":{"line":59,"column":8},"end":{"line":61,"column":9}},"type":"if","locations":[{"start":{"line":59,"column":8},"end":{"line":61,"column":9}},{"start":{},"end":{}}],"line":59},"1":{"loc":{"start":{"line":64,"column":8},"end":{"line":66,"column":9}},"type":"if","locations":[{"start":{"line":64,"column":8},"end":{"line":66,"column":9}},{"start":{},"end":{}}],"line":64}},"s":{"0":0,"1":0,"2":0,"3":0,"4":0,"5":0,"6":0,"7":0,"8":0,"9":0,"10":0,"11":0,"12":0},"f":{"0":0,"1":0,"2":0,"3":0,"4":0},"b":{"0":[0,0],"1":[0,0]}}
,"C:\\Github Repositories\\Web-Host-Manager\\backend\\models\\User.js": {"path":"C:\\Github Repositories\\Web-Host-Manager\\backend\\models\\User.js","statementMap":{"0":{"start":{"line":1,"column":22},"end":{"line":1,"column":42}},"1":{"start":{"line":2,"column":15},"end":{"line":2,"column":34}},"2":{"start":{"line":4,"column":0},"end":{"line":73,"column":2}},"3":{"start":{"line":5,"column":15},"end":{"line":53,"column":4}},"4":{"start":{"line":43,"column":8},"end":{"line":45,"column":9}},"5":{"start":{"line":44,"column":10},"end":{"line":44,"column":63}},"6":{"start":{"line":48,"column":8},"end":{"line":50,"column":9}},"7":{"start":{"line":49,"column":10},"end":{"line":49,"column":63}},"8":{"start":{"line":56,"column":2},"end":{"line":58,"column":4}},"9":{"start":{"line":57,"column":4},"end":{"line":57,"column":57}},"10":{"start":{"line":61,"column":2},"end":{"line":70,"column":4}},"11":{"start":{"line":63,"column":4},"end":{"line":69,"column":7}},"12":{"start":{"line":72,"column":2},"end":{"line":72,"column":14}}},"fnMap":{"0":{"name":"(anonymous_0)","decl":{"start":{"line":4,"column":17},"end":{"line":4,"column":18}},"loc":{"start":{"line":4,"column":32},"end":{"line":73,"column":1}},"line":4},"1":{"name":"(anonymous_1)","decl":{"start":{"line":42,"column":20},"end":{"line":42,"column":21}},"loc":{"start":{"line":42,"column":36},"end":{"line":46,"column":7}},"line":42},"2":{"name":"(anonymous_2)","decl":{"start":{"line":47,"column":20},"end":{"line":47,"column":21}},"loc":{"start":{"line":47,"column":36},"end":{"line":51,"column":7}},"line":47},"3":{"name":"(anonymous_3)","decl":{"start":{"line":56,"column":33},"end":{"line":56,"column":34}},"loc":{"start":{"line":56,"column":58},"end":{"line":58,"column":3}},"line":56},"4":{"name":"(anonymous_4)","decl":{"start":{"line":61,"column":19},"end":{"line":61,"column":20}},"loc":{"start":{"line":61,"column":31},"end":{"line":70,"column":3}},"line":61}},"branchMap":{"0":{"loc":{"start":{"line":43,"column":8},"end":{"line":45,"column":9}},"type":"if","locations":[{"start":{"line":43,"column":8},"end":{"line":45,"column":9}},{"start":{},"end":{}}],"line":43},"1":{"loc":{"start":{"line":48,"column":8},"end":{"line":50,"column":9}},"type":"if","locations":[{"start":{"line":48,"column":8},"end":{"line":50,"column":9}},{"start":{},"end":{}}],"line":48}},"s":{"0":0,"1":0,"2":0,"3":0,"4":0,"5":0,"6":0,"7":0,"8":0,"9":0,"10":0,"11":0,"12":0},"f":{"0":0,"1":0,"2":0,"3":0,"4":0},"b":{"0":[0,0],"1":[0,0]}}
,"C:\\Github Repositories\\Web-Host-Manager\\backend\\models\\clientRoutes.js": {"path":"C:\\Github Repositories\\Web-Host-Manager\\backend\\models\\clientRoutes.js","statementMap":{},"fnMap":{},"branchMap":{},"s":{},"f":{},"b":{}}
,"C:\\Github Repositories\\Web-Host-Manager\\backend\\models\\index.js": {"path":"C:\\Github Repositories\\Web-Host-Manager\\backend\\models\\index.js","statementMap":{"0":{"start":{"line":1,"column":22},"end":{"line":1,"column":42}},"1":{"start":{"line":2,"column":13},"end":{"line":2,"column":28}},"2":{"start":{"line":5,"column":0},"end":{"line":7,"column":3}},"3":{"start":{"line":10,"column":12},"end":{"line":10,"column":49}},"4":{"start":{"line":13,"column":0},"end":{"line":32,"column":1}},"5":{"start":{"line":14,"column":2},"end":{"line":14,"column":49}},"6":{"start":{"line":17,"column":2},"end":{"line":31,"column":4}},"7":{"start":{"line":35,"column":18},"end":{"line":46,"column":1}},"8":{"start":{"line":49,"column":15},"end":{"line":54,"column":1}},"9":{"start":{"line":57,"column":0},"end":{"line":61,"column":3}},"10":{"start":{"line":58,"column":2},"end":{"line":60,"column":3}},"11":{"start":{"line":59,"column":4},"end":{"line":59,"column":40}},"12":{"start":{"line":64,"column":0},"end":{"line":67,"column":2}}},"fnMap":{"0":{"name":"(anonymous_0)","decl":{"start":{"line":57,"column":28},"end":{"line":57,"column":29}},"loc":{"start":{"line":57,"column":41},"end":{"line":61,"column":1}},"line":57}},"branchMap":{"0":{"loc":{"start":{"line":6,"column":8},"end":{"line":6,"column":62}},"type":"cond-expr","locations":[{"start":{"line":6,"column":42},"end":{"line":6,"column":53}},{"start":{"line":6,"column":56},"end":{"line":6,"column":62}}],"line":6},"1":{"loc":{"start":{"line":10,"column":12},"end":{"line":10,"column":49}},"type":"binary-expr","locations":[{"start":{"line":10,"column":12},"end":{"line":10,"column":32}},{"start":{"line":10,"column":36},"end":{"line":10,"column":49}}],"line":10},"2":{"loc":{"start":{"line":24,"column":13},"end":{"line":24,"column":49}},"type":"cond-expr","locations":[{"start":{"line":24,"column":30},"end":{"line":24,"column":35}},{"start":{"line":24,"column":38},"end":{"line":24,"column":49}}],"line":24},"3":{"loc":{"start":{"line":58,"column":2},"end":{"line":60,"column":3}},"type":"if","locations":[{"start":{"line":58,"column":2},"end":{"line":60,"column":3}},{"start":{},"end":{}}],"line":58}},"s":{"0":0,"1":0,"2":0,"3":0,"4":0,"5":0,"6":0,"7":0,"8":0,"9":0,"10":0,"11":0,"12":0},"f":{"0":0},"b":{"0":[0,0],"1":[0,0],"2":[0,0],"3":[0,0]}}
,"C:\\Github Repositories\\Web-Host-Manager\\backend\\routes\\auth.js": {"path":"C:\\Github Repositories\\Web-Host-Manager\\backend\\routes\\auth.js","statementMap":{"0":{"start":{"line":1,"column":16},"end":{"line":1,"column":34}},"1":{"start":{"line":2,"column":15},"end":{"line":2,"column":31}},"2":{"start":{"line":3,"column":12},"end":{"line":3,"column":35}},"3":{"start":{"line":4,"column":15},"end":{"line":4,"column":35}},"4":{"start":{"line":5,"column":17},"end":{"line":5,"column":37}},"5":{"start":{"line":6,"column":21},"end":{"line":6,"column":58}},"6":{"start":{"line":7,"column":24},"end":{"line":7,"column":69}},"7":{"start":{"line":8,"column":24},"end":{"line":8,"column":67}},"8":{"start":{"line":11,"column":0},"end":{"line":56,"column":3}},"9":{"start":{"line":12,"column":2},"end":{"line":55,"column":3}},"10":{"start":{"line":13,"column":48},"end":{"line":13,"column":56}},"11":{"start":{"line":16,"column":25},"end":{"line":20,"column":6}},"12":{"start":{"line":22,"column":4},"end":{"line":24,"column":5}},"13":{"start":{"line":23,"column":6},"end":{"line":23,"column":81}},"14":{"start":{"line":27,"column":17},"end":{"line":32,"column":6}},"15":{"start":{"line":35,"column":18},"end":{"line":39,"column":5}},"16":{"start":{"line":41,"column":4},"end":{"line":52,"column":7}},"17":{"start":{"line":54,"column":4},"end":{"line":54,"column":16}},"18":{"start":{"line":59,"column":0},"end":{"line":100,"column":3}},"19":{"start":{"line":60,"column":2},"end":{"line":99,"column":3}},"20":{"start":{"line":61,"column":32},"end":{"line":61,"column":40}},"21":{"start":{"line":64,"column":17},"end":{"line":64,"column":57}},"22":{"start":{"line":65,"column":4},"end":{"line":67,"column":5}},"23":{"start":{"line":66,"column":6},"end":{"line":66,"column":59}},"24":{"start":{"line":70,"column":28},"end":{"line":70,"column":65}},"25":{"start":{"line":71,"column":4},"end":{"line":73,"column":5}},"26":{"start":{"line":72,"column":6},"end":{"line":72,"column":59}},"27":{"start":{"line":76,"column":4},"end":{"line":76,"column":49}},"28":{"start":{"line":79,"column":18},"end":{"line":83,"column":5}},"29":{"start":{"line":85,"column":4},"end":{"line":96,"column":7}},"30":{"start":{"line":98,"column":4},"end":{"line":98,"column":16}},"31":{"start":{"line":103,"column":0},"end":{"line":138,"column":3}},"32":{"start":{"line":104,"column":2},"end":{"line":137,"column":3}},"33":{"start":{"line":106,"column":18},"end":{"line":106,"column":58}},"34":{"start":{"line":107,"column":4},"end":{"line":109,"column":5}},"35":{"start":{"line":108,"column":6},"end":{"line":108,"column":71}},"36":{"start":{"line":112,"column":20},"end":{"line":112,"column":61}},"37":{"start":{"line":115,"column":17},"end":{"line":115,"column":48}},"38":{"start":{"line":116,"column":4},"end":{"line":118,"column":5}},"39":{"start":{"line":117,"column":6},"end":{"line":117,"column":83}},"40":{"start":{"line":120,"column":4},"end":{"line":131,"column":7}},"41":{"start":{"line":133,"column":4},"end":{"line":135,"column":5}},"42":{"start":{"line":134,"column":6},"end":{"line":134,"column":70}},"43":{"start":{"line":136,"column":4},"end":{"line":136,"column":16}},"44":{"start":{"line":140,"column":0},"end":{"line":140,"column":24}}},"fnMap":{"0":{"name":"(anonymous_0)","decl":{"start":{"line":11,"column":64},"end":{"line":11,"column":65}},"loc":{"start":{"line":11,"column":90},"end":{"line":56,"column":1}},"line":11},"1":{"name":"(anonymous_1)","decl":{"start":{"line":59,"column":58},"end":{"line":59,"column":59}},"loc":{"start":{"line":59,"column":84},"end":{"line":100,"column":1}},"line":59},"2":{"name":"(anonymous_2)","decl":{"start":{"line":103,"column":18},"end":{"line":103,"column":19}},"loc":{"start":{"line":103,"column":44},"end":{"line":138,"column":1}},"line":103}},"branchMap":{"0":{"loc":{"start":{"line":22,"column":4},"end":{"line":24,"column":5}},"type":"if","locations":[{"start":{"line":22,"column":4},"end":{"line":24,"column":5}},{"start":{},"end":{}}],"line":22},"1":{"loc":{"start":{"line":31,"column":12},"end":{"line":31,"column":26}},"type":"binary-expr","locations":[{"start":{"line":31,"column":12},"end":{"line":31,"column":16}},{"start":{"line":31,"column":20},"end":{"line":31,"column":26}}],"line":31},"2":{"loc":{"start":{"line":65,"column":4},"end":{"line":67,"column":5}},"type":"if","locations":[{"start":{"line":65,"column":4},"end":{"line":67,"column":5}},{"start":{},"end":{}}],"line":65},"3":{"loc":{"start":{"line":71,"column":4},"end":{"line":73,"column":5}},"type":"if","locations":[{"start":{"line":71,"column":4},"end":{"line":73,"column":5}},{"start":{},"end":{}}],"line":71},"4":{"loc":{"start":{"line":107,"column":4},"end":{"line":109,"column":5}},"type":"if","locations":[{"start":{"line":107,"column":4},"end":{"line":109,"column":5}},{"start":{},"end":{}}],"line":107},"5":{"loc":{"start":{"line":116,"column":4},"end":{"line":118,"column":5}},"type":"if","locations":[{"start":{"line":116,"column":4},"end":{"line":118,"column":5}},{"start":{},"end":{}}],"line":116},"6":{"loc":{"start":{"line":133,"column":4},"end":{"line":135,"column":5}},"type":"if","locations":[{"start":{"line":133,"column":4},"end":{"line":135,"column":5}},{"start":{},"end":{}}],"line":133}},"s":{"0":0,"1":0,"2":0,"3":0,"4":0,"5":0,"6":0,"7":0,"8":0,"9":0,"10":0,"11":0,"12":0,"13":0,"14":0,"15":0,"16":0,"17":0,"18":0,"19":0,"20":0,"21":0,"22":0,"23":0,"24":0,"25":0,"26":0,"27":0,"28":0,"29":0,"30":0,"31":0,"32":0,"33":0,"34":0,"35":0,"36":0,"37":0,"38":0,"39":0,"40":0,"41":0,"42":0,"43":0,"44":0},"f":{"0":0,"1":0,"2":0},"b":{"0":[0,0],"1":[0,0],"2":[0,0],"3":[0,0],"4":[0,0],"5":[0,0],"6":[0,0]}}
,"C:\\Github Repositories\\Web-Host-Manager\\backend\\routes\\clients.js": {"path":"C:\\Github Repositories\\Web-Host-Manager\\backend\\routes\\clients.js","statementMap":{"0":{"start":{"line":1,"column":16},"end":{"line":1,"column":34}},"1":{"start":{"line":2,"column":15},"end":{"line":2,"column":31}},"2":{"start":{"line":3,"column":19},"end":{"line":3,"column":39}},"3":{"start":{"line":4,"column":32},"end":{"line":4,"column":61}},"4":{"start":{"line":5,"column":21},"end":{"line":5,"column":58}},"5":{"start":{"line":6,"column":24},"end":{"line":6,"column":69}},"6":{"start":{"line":7,"column":26},"end":{"line":7,"column":69}},"7":{"start":{"line":10,"column":0},"end":{"line":10,"column":20}},"8":{"start":{"line":13,"column":0},"end":{"line":30,"column":3}},"9":{"start":{"line":14,"column":2},"end":{"line":29,"column":3}},"10":{"start":{"line":15,"column":20},"end":{"line":19,"column":6}},"11":{"start":{"line":21,"column":4},"end":{"line":26,"column":7}},"12":{"start":{"line":28,"column":4},"end":{"line":28,"column":16}},"13":{"start":{"line":33,"column":0},"end":{"line":55,"column":3}},"14":{"start":{"line":34,"column":2},"end":{"line":54,"column":3}},"15":{"start":{"line":35,"column":19},"end":{"line":40,"column":6}},"16":{"start":{"line":42,"column":4},"end":{"line":44,"column":5}},"17":{"start":{"line":43,"column":6},"end":{"line":43,"column":50}},"18":{"start":{"line":46,"column":4},"end":{"line":51,"column":7}},"19":{"start":{"line":53,"column":4},"end":{"line":53,"column":16}},"20":{"start":{"line":58,"column":0},"end":{"line":74,"column":3}},"21":{"start":{"line":59,"column":2},"end":{"line":73,"column":3}},"22":{"start":{"line":60,"column":19},"end":{"line":63,"column":6}},"23":{"start":{"line":65,"column":4},"end":{"line":70,"column":7}},"24":{"start":{"line":72,"column":4},"end":{"line":72,"column":16}},"25":{"start":{"line":77,"column":0},"end":{"line":101,"column":3}},"26":{"start":{"line":78,"column":2},"end":{"line":100,"column":3}},"27":{"start":{"line":79,"column":19},"end":{"line":84,"column":6}},"28":{"start":{"line":86,"column":4},"end":{"line":88,"column":5}},"29":{"start":{"line":87,"column":6},"end":{"line":87,"column":50}},"30":{"start":{"line":90,"column":4},"end":{"line":90,"column":34}},"31":{"start":{"line":92,"column":4},"end":{"line":97,"column":7}},"32":{"start":{"line":99,"column":4},"end":{"line":99,"column":16}},"33":{"start":{"line":104,"column":0},"end":{"line":126,"column":3}},"34":{"start":{"line":105,"column":2},"end":{"line":125,"column":3}},"35":{"start":{"line":106,"column":19},"end":{"line":111,"column":6}},"36":{"start":{"line":113,"column":4},"end":{"line":115,"column":5}},"37":{"start":{"line":114,"column":6},"end":{"line":114,"column":50}},"38":{"start":{"line":117,"column":4},"end":{"line":117,"column":27}},"39":{"start":{"line":119,"column":4},"end":{"line":122,"column":7}},"40":{"start":{"line":124,"column":4},"end":{"line":124,"column":16}},"41":{"start":{"line":128,"column":0},"end":{"line":128,"column":24}}},"fnMap":{"0":{"name":"(anonymous_0)","decl":{"start":{"line":13,"column":16},"end":{"line":13,"column":17}},"loc":{"start":{"line":13,"column":42},"end":{"line":30,"column":1}},"line":13},"1":{"name":"(anonymous_1)","decl":{"start":{"line":33,"column":19},"end":{"line":33,"column":20}},"loc":{"start":{"line":33,"column":45},"end":{"line":55,"column":1}},"line":33},"2":{"name":"(anonymous_2)","decl":{"start":{"line":58,"column":56},"end":{"line":58,"column":57}},"loc":{"start":{"line":58,"column":82},"end":{"line":74,"column":1}},"line":58},"3":{"name":"(anonymous_3)","decl":{"start":{"line":77,"column":60},"end":{"line":77,"column":61}},"loc":{"start":{"line":77,"column":86},"end":{"line":101,"column":1}},"line":77},"4":{"name":"(anonymous_4)","decl":{"start":{"line":104,"column":22},"end":{"line":104,"column":23}},"loc":{"start":{"line":104,"column":48},"end":{"line":126,"column":1}},"line":104}},"branchMap":{"0":{"loc":{"start":{"line":42,"column":4},"end":{"line":44,"column":5}},"type":"if","locations":[{"start":{"line":42,"column":4},"end":{"line":44,"column":5}},{"start":{},"end":{}}],"line":42},"1":{"loc":{"start":{"line":86,"column":4},"end":{"line":88,"column":5}},"type":"if","locations":[{"start":{"line":86,"column":4},"end":{"line":88,"column":5}},{"start":{},"end":{}}],"line":86},"2":{"loc":{"start":{"line":113,"column":4},"end":{"line":115,"column":5}},"type":"if","locations":[{"start":{"line":113,"column":4},"end":{"line":115,"column":5}},{"start":{},"end":{}}],"line":113}},"s":{"0":0,"1":0,"2":0,"3":0,"4":0,"5":0,"6":0,"7":0,"8":0,"9":0,"10":0,"11":0,"12":0,"13":0,"14":0,"15":0,"16":0,"17":0,"18":0,"19":0,"20":0,"21":0,"22":0,"23":0,"24":0,"25":0,"26":0,"27":0,"28":0,"29":0,"30":0,"31":0,"32":0,"33":0,"34":0,"35":0,"36":0,"37":0,"38":0,"39":0,"40":0,"41":0},"f":{"0":0,"1":0,"2":0,"3":0,"4":0},"b":{"0":[0,0],"1":[0,0],"2":[0,0]}}
,"C:\\Github Repositories\\Web-Host-Manager\\backend\\routes\\domains.js": {"path":"C:\\Github Repositories\\Web-Host-Manager\\backend\\routes\\domains.js","statementMap":{"0":{"start":{"line":1,"column":16},"end":{"line":1,"column":34}},"1":{"start":{"line":2,"column":19},"end":{"line":2,"column":39}},"2":{"start":{"line":3,"column":15},"end":{"line":3,"column":31}},"3":{"start":{"line":6,"column":0},"end":{"line":13,"column":3}},"4":{"start":{"line":7,"column":2},"end":{"line":12,"column":3}},"5":{"start":{"line":8,"column":19},"end":{"line":8,"column":48}},"6":{"start":{"line":9,"column":4},"end":{"line":9,"column":33}},"7":{"start":{"line":11,"column":4},"end":{"line":11,"column":49}},"8":{"start":{"line":16,"column":0},"end":{"line":23,"column":3}},"9":{"start":{"line":17,"column":2},"end":{"line":22,"column":3}},"10":{"start":{"line":18,"column":20},"end":{"line":18,"column":42}},"11":{"start":{"line":19,"column":4},"end":{"line":19,"column":34}},"12":{"start":{"line":21,"column":4},"end":{"line":21,"column":49}},"13":{"start":{"line":26,"column":0},"end":{"line":37,"column":3}},"14":{"start":{"line":27,"column":2},"end":{"line":36,"column":3}},"15":{"start":{"line":28,"column":19},"end":{"line":28,"column":55}},"16":{"start":{"line":29,"column":4},"end":{"line":33,"column":5}},"17":{"start":{"line":30,"column":6},"end":{"line":30,"column":35}},"18":{"start":{"line":32,"column":6},"end":{"line":32,"column":58}},"19":{"start":{"line":35,"column":4},"end":{"line":35,"column":49}},"20":{"start":{"line":40,"column":0},"end":{"line":52,"column":3}},"21":{"start":{"line":41,"column":2},"end":{"line":51,"column":3}},"22":{"start":{"line":42,"column":19},"end":{"line":42,"column":55}},"23":{"start":{"line":43,"column":4},"end":{"line":48,"column":5}},"24":{"start":{"line":44,"column":6},"end":{"line":44,"column":36}},"25":{"start":{"line":45,"column":6},"end":{"line":45,"column":35}},"26":{"start":{"line":47,"column":6},"end":{"line":47,"column":58}},"27":{"start":{"line":50,"column":4},"end":{"line":50,"column":49}},"28":{"start":{"line":55,"column":0},"end":{"line":67,"column":3}},"29":{"start":{"line":56,"column":2},"end":{"line":66,"column":3}},"30":{"start":{"line":57,"column":19},"end":{"line":57,"column":55}},"31":{"start":{"line":58,"column":4},"end":{"line":63,"column":5}},"32":{"start":{"line":59,"column":6},"end":{"line":59,"column":29}},"33":{"start":{"line":60,"column":6},"end":{"line":60,"column":28}},"34":{"start":{"line":62,"column":6},"end":{"line":62,"column":58}},"35":{"start":{"line":65,"column":4},"end":{"line":65,"column":49}},"36":{"start":{"line":69,"column":0},"end":{"line":69,"column":24}}},"fnMap":{"0":{"name":"(anonymous_0)","decl":{"start":{"line":6,"column":17},"end":{"line":6,"column":18}},"loc":{"start":{"line":6,"column":37},"end":{"line":13,"column":1}},"line":6},"1":{"name":"(anonymous_1)","decl":{"start":{"line":16,"column":16},"end":{"line":16,"column":17}},"loc":{"start":{"line":16,"column":36},"end":{"line":23,"column":1}},"line":16},"2":{"name":"(anonymous_2)","decl":{"start":{"line":26,"column":19},"end":{"line":26,"column":20}},"loc":{"start":{"line":26,"column":39},"end":{"line":37,"column":1}},"line":26},"3":{"name":"(anonymous_3)","decl":{"start":{"line":40,"column":19},"end":{"line":40,"column":20}},"loc":{"start":{"line":40,"column":39},"end":{"line":52,"column":1}},"line":40},"4":{"name":"(anonymous_4)","decl":{"start":{"line":55,"column":22},"end":{"line":55,"column":23}},"loc":{"start":{"line":55,"column":42},"end":{"line":67,"column":1}},"line":55}},"branchMap":{"0":{"loc":{"start":{"line":29,"column":4},"end":{"line":33,"column":5}},"type":"if","locations":[{"start":{"line":29,"column":4},"end":{"line":33,"column":5}},{"start":{"line":31,"column":11},"end":{"line":33,"column":5}}],"line":29},"1":{"loc":{"start":{"line":43,"column":4},"end":{"line":48,"column":5}},"type":"if","locations":[{"start":{"line":43,"column":4},"end":{"line":48,"column":5}},{"start":{"line":46,"column":11},"end":{"line":48,"column":5}}],"line":43},"2":{"loc":{"start":{"line":58,"column":4},"end":{"line":63,"column":5}},"type":"if","locations":[{"start":{"line":58,"column":4},"end":{"line":63,"column":5}},{"start":{"line":61,"column":11},"end":{"line":63,"column":5}}],"line":58}},"s":{"0":0,"1":0,"2":0,"3":0,"4":0,"5":0,"6":0,"7":0,"8":0,"9":0,"10":0,"11":0,"12":0,"13":0,"14":0,"15":0,"16":0,"17":0,"18":0,"19":0,"20":0,"21":0,"22":0,"23":0,"24":0,"25":0,"26":0,"27":0,"28":0,"29":0,"30":0,"31":0,"32":0,"33":0,"34":0,"35":0,"36":0},"f":{"0":0,"1":0,"2":0,"3":0,"4":0},"b":{"0":[0,0],"1":[0,0],"2":[0,0]}}
,"C:\\Github Repositories\\Web-Host-Manager\\backend\\routes\\emails.js": {"path":"C:\\Github Repositories\\Web-Host-Manager\\backend\\routes\\emails.js","statementMap":{"0":{"start":{"line":1,"column":16},"end":{"line":1,"column":34}},"1":{"start":{"line":2,"column":25},"end":{"line":2,"column":45}},"2":{"start":{"line":3,"column":15},"end":{"line":3,"column":31}},"3":{"start":{"line":6,"column":0},"end":{"line":13,"column":3}},"4":{"start":{"line":7,"column":2},"end":{"line":12,"column":3}},"5":{"start":{"line":8,"column":25},"end":{"line":8,"column":60}},"6":{"start":{"line":9,"column":4},"end":{"line":9,"column":39}},"7":{"start":{"line":11,"column":4},"end":{"line":11,"column":49}},"8":{"start":{"line":16,"column":0},"end":{"line":23,"column":3}},"9":{"start":{"line":17,"column":2},"end":{"line":22,"column":3}},"10":{"start":{"line":18,"column":26},"end":{"line":18,"column":54}},"11":{"start":{"line":19,"column":4},"end":{"line":19,"column":40}},"12":{"start":{"line":21,"column":4},"end":{"line":21,"column":49}},"13":{"start":{"line":26,"column":0},"end":{"line":37,"column":3}},"14":{"start":{"line":27,"column":2},"end":{"line":36,"column":3}},"15":{"start":{"line":28,"column":25},"end":{"line":28,"column":67}},"16":{"start":{"line":29,"column":4},"end":{"line":33,"column":5}},"17":{"start":{"line":30,"column":6},"end":{"line":30,"column":41}},"18":{"start":{"line":32,"column":6},"end":{"line":32,"column":65}},"19":{"start":{"line":35,"column":4},"end":{"line":35,"column":49}},"20":{"start":{"line":40,"column":0},"end":{"line":52,"column":3}},"21":{"start":{"line":41,"column":2},"end":{"line":51,"column":3}},"22":{"start":{"line":42,"column":25},"end":{"line":42,"column":67}},"23":{"start":{"line":43,"column":4},"end":{"line":48,"column":5}},"24":{"start":{"line":44,"column":6},"end":{"line":44,"column":42}},"25":{"start":{"line":45,"column":6},"end":{"line":45,"column":41}},"26":{"start":{"line":47,"column":6},"end":{"line":47,"column":65}},"27":{"start":{"line":50,"column":4},"end":{"line":50,"column":49}},"28":{"start":{"line":55,"column":0},"end":{"line":67,"column":3}},"29":{"start":{"line":56,"column":2},"end":{"line":66,"column":3}},"30":{"start":{"line":57,"column":25},"end":{"line":57,"column":67}},"31":{"start":{"line":58,"column":4},"end":{"line":63,"column":5}},"32":{"start":{"line":59,"column":6},"end":{"line":59,"column":35}},"33":{"start":{"line":60,"column":6},"end":{"line":60,"column":28}},"34":{"start":{"line":62,"column":6},"end":{"line":62,"column":65}},"35":{"start":{"line":65,"column":4},"end":{"line":65,"column":49}},"36":{"start":{"line":69,"column":0},"end":{"line":69,"column":24}}},"fnMap":{"0":{"name":"(anonymous_0)","decl":{"start":{"line":6,"column":17},"end":{"line":6,"column":18}},"loc":{"start":{"line":6,"column":37},"end":{"line":13,"column":1}},"line":6},"1":{"name":"(anonymous_1)","decl":{"start":{"line":16,"column":16},"end":{"line":16,"column":17}},"loc":{"start":{"line":16,"column":36},"end":{"line":23,"column":1}},"line":16},"2":{"name":"(anonymous_2)","decl":{"start":{"line":26,"column":19},"end":{"line":26,"column":20}},"loc":{"start":{"line":26,"column":39},"end":{"line":37,"column":1}},"line":26},"3":{"name":"(anonymous_3)","decl":{"start":{"line":40,"column":19},"end":{"line":40,"column":20}},"loc":{"start":{"line":40,"column":39},"end":{"line":52,"column":1}},"line":40},"4":{"name":"(anonymous_4)","decl":{"start":{"line":55,"column":22},"end":{"line":55,"column":23}},"loc":{"start":{"line":55,"column":42},"end":{"line":67,"column":1}},"line":55}},"branchMap":{"0":{"loc":{"start":{"line":29,"column":4},"end":{"line":33,"column":5}},"type":"if","locations":[{"start":{"line":29,"column":4},"end":{"line":33,"column":5}},{"start":{"line":31,"column":11},"end":{"line":33,"column":5}}],"line":29},"1":{"loc":{"start":{"line":43,"column":4},"end":{"line":48,"column":5}},"type":"if","locations":[{"start":{"line":43,"column":4},"end":{"line":48,"column":5}},{"start":{"line":46,"column":11},"end":{"line":48,"column":5}}],"line":43},"2":{"loc":{"start":{"line":58,"column":4},"end":{"line":63,"column":5}},"type":"if","locations":[{"start":{"line":58,"column":4},"end":{"line":63,"column":5}},{"start":{"line":61,"column":11},"end":{"line":63,"column":5}}],"line":58}},"s":{"0":0,"1":0,"2":0,"3":0,"4":0,"5":0,"6":0,"7":0,"8":0,"9":0,"10":0,"11":0,"12":0,"13":0,"14":0,"15":0,"16":0,"17":0,"18":0,"19":0,"20":0,"21":0,"22":0,"23":0,"24":0,"25":0,"26":0,"27":0,"28":0,"29":0,"30":0,"31":0,"32":0,"33":0,"34":0,"35":0,"36":0},"f":{"0":0,"1":0,"2":0,"3":0,"4":0},"b":{"0":[0,0],"1":[0,0],"2":[0,0]}}
}
